<?xml version="1.0" encoding="UTF-8" ?>
<testsuite tests="4" failures="0" name="shorturl.AppTest" time="0.693" errors="0" skipped="0">
  <properties>
[...]
</properties>
  <testcase classname="shorturl.AppTest" name="doesNotCrashWithInvalidUrlValue" time="0.664"/>
  <testcase classname="shorturl.AppTest" name="successfullyWriteDynamoDb" time="0.028"/>
  <testcase classname="shorturl.AppTest" name="shortUrlShouldHaveALengthOf10" time="0"/>
  <testcase classname="shorturl.AppTest" name="doesNotCrashWithNullValues" time="0.001"/>
</testsuite>